<?xml version="1.0" encoding="UTF-8"?>
<coverage generated="1702294821147" clover="3.2.0">
  <project timestamp="1702294821147" name="All files">
    <metrics statements="20" coveredstatements="18" conditionals="0" coveredconditionals="0" methods="1" coveredmethods="1" elements="21" coveredelements="19" complexity="0" loc="20" ncloc="20" packages="1" files="1" classes="1"/>
    <file name="connectAndInsert.js" path="C:\Users\Bruger\OneDrive\Desktop\Azure AD App\apps\server\connectAndInsert.js">
      <metrics statements="20" coveredstatements="18" conditionals="0" coveredconditionals="0" methods="1" coveredmethods="1"/>
      <line num="1" count="1" type="stmt"/>
      <line num="16" count="1" type="stmt"/>
      <line num="19" count="1" type="stmt"/>
      <line num="20" count="1" type="stmt"/>
      <line num="21" count="1" type="stmt"/>
      <line num="23" count="1" type="stmt"/>
      <line num="24" count="1" type="stmt"/>
      <line num="25" count="1" type="stmt"/>
      <line num="26" count="1" type="stmt"/>
      <line num="28" count="1" type="stmt"/>
      <line num="33" count="1" type="stmt"/>
      <line num="34" count="1" type="stmt"/>
      <line num="35" count="1" type="stmt"/>
      <line num="36" count="1" type="stmt"/>
      <line num="38" count="1" type="stmt"/>
      <line num="40" count="0" type="stmt"/>
      <line num="44" count="1" type="stmt"/>
      <line num="45" count="1" type="stmt"/>
      <line num="48" count="0" type="stmt"/>
      <line num="53" count="1" type="stmt"/>
    </file>
  </project>
</coverage>
