{"C:\\Users\\Bruger\\OneDrive\\Desktop\\Azure AD App\\apps\\server\\connectAndInsert.js": {"path":"C:\\Users\\Bruger\\OneDrive\\Desktop\\Azure AD App\\apps\\server\\connectAndInsert.js","statementMap":{"0":{"start":{"line":1,"column":15},"end":{"line":14,"column":1}},"1":{"start":{"line":16,"column":12},"end":{"line":16,"column":28}},"2":{"start":{"line":19,"column":4},"end":{"line":50,"column":5}},"3":{"start":{"line":20,"column":31},"end":{"line":20,"column":56}},"4":{"start":{"line":21,"column":8},"end":{"line":21,"column":46}},"5":{"start":{"line":23,"column":18},"end":{"line":23,"column":28}},"6":{"start":{"line":24,"column":28},"end":{"line":24,"column":134}},"7":{"start":{"line":25,"column":26},"end":{"line":25,"column":37}},"8":{"start":{"line":26,"column":8},"end":{"line":26,"column":46}},"9":{"start":{"line":28,"column":22},"end":{"line":30,"column":14}},"10":{"start":{"line":33,"column":23},"end":{"line":33,"column":49}},"11":{"start":{"line":34,"column":27},"end":{"line":34,"column":28}},"12":{"start":{"line":35,"column":8},"end":{"line":42,"column":9}},"13":{"start":{"line":36,"column":30},"end":{"line":36,"column":74}},"14":{"start":{"line":38,"column":12},"end":{"line":38,"column":56}},"15":{"start":{"line":40,"column":12},"end":{"line":40,"column":24}},"16":{"start":{"line":44,"column":8},"end":{"line":44,"column":31}},"17":{"start":{"line":45,"column":8},"end":{"line":45,"column":28}},"18":{"start":{"line":48,"column":8},"end":{"line":48,"column":28}},"19":{"start":{"line":53,"column":0},"end":{"line":53,"column":28}}},"fnMap":{"0":{"name":"insertUser","decl":{"start":{"line":18,"column":15},"end":{"line":18,"column":25}},"loc":{"start":{"line":18,"column":32},"end":{"line":51,"column":1}},"line":18}},"branchMap":{},"s":{"0":1,"1":1,"2":1,"3":1,"4":1,"5":1,"6":1,"7":1,"8":1,"9":1,"10":1,"11":1,"12":1,"13":1,"14":1,"15":0,"16":1,"17":1,"18":0,"19":1},"f":{"0":1},"b":{},"_coverageSchema":"1a1c01bbd47fc00a2c39e90264f33305004495a9","hash":"97abf5aabd23ebc1aa79dcf1c2b1e82e36056fff"}
}
